2020-01-16 21:15:49,231 INFO osmnx Configured osmnx
2020-01-16 21:15:52,285 INFO osmnx Pausing 1.00 seconds before making API GET request
2020-01-16 21:15:53,286 INFO osmnx Requesting https://nominatim.openstreetmap.org/search?format=json&limit=1&dedupe=0&polygon_geojson=1&q=Manhattan+Island%2C+New+York%2C+New+York%2C+USA with timeout=30
2020-01-16 21:15:54,033 INFO osmnx Downloaded 1.3KB from nominatim.openstreetmap.org in 0.75 seconds
2020-01-16 21:15:54,034 INFO osmnx Saved response to cache file "cache/44422ed6b748801f43422a3578cf6431.json"
2020-01-16 21:15:54,053 INFO osmnx Created GeoDataFrame with 1 row for query "Manhattan Island, New York, New York, USA"
2020-01-16 21:15:54,111 INFO osmnx Saved the GeoDataFrame "Manhattan Island, New York, New York, USA" as shapefile "data/usa-new_york-new_york-manhattan_island"
2020-01-16 21:15:54,175 INFO osmnx Projected the GeoDataFrame "Manhattan Island, New York, New York, USA" to UTM-18 in 0.06 seconds
2020-01-16 21:15:54,308 INFO osmnx Pausing 1.00 seconds before making API GET request
2020-01-16 21:15:55,312 INFO osmnx Requesting https://nominatim.openstreetmap.org/search?format=json&limit=1&dedupe=0&polygon_geojson=1&q=Berkeley%2C+California%2C+USA with timeout=30
2020-01-16 21:15:56,038 INFO osmnx Downloaded 18.7KB from nominatim.openstreetmap.org in 0.73 seconds
2020-01-16 21:15:56,040 INFO osmnx Saved response to cache file "cache/08760e58d24f1636781e6700083f95c6.json"
2020-01-16 21:15:56,043 INFO osmnx Created GeoDataFrame with 1 row for query "Berkeley, California, USA"
2020-01-16 21:15:56,044 INFO osmnx Pausing 1.00 seconds before making API GET request
2020-01-16 21:15:57,045 INFO osmnx Requesting https://nominatim.openstreetmap.org/search?format=json&limit=1&dedupe=0&polygon_geojson=1&q=Oakland%2C+California%2C+USA with timeout=30
2020-01-16 21:15:57,970 INFO osmnx Downloaded 38.5KB from nominatim.openstreetmap.org in 0.93 seconds
2020-01-16 21:15:57,975 INFO osmnx Saved response to cache file "cache/293a655840a7f15a2bd88a6299f4f417.json"
2020-01-16 21:15:57,978 INFO osmnx Created GeoDataFrame with 1 row for query "Oakland, California, USA"
2020-01-16 21:15:57,981 INFO osmnx Pausing 1.00 seconds before making API GET request
2020-01-16 21:15:58,985 INFO osmnx Requesting https://nominatim.openstreetmap.org/search?format=json&limit=1&dedupe=0&polygon_geojson=1&q=Piedmont%2C+California%2C+USA with timeout=30
2020-01-16 21:15:59,677 INFO osmnx Downloaded 7.3KB from nominatim.openstreetmap.org in 0.69 seconds
2020-01-16 21:15:59,680 INFO osmnx Saved response to cache file "cache/7a10ef7f51a32868ea1208e6d6162cd1.json"
2020-01-16 21:15:59,685 INFO osmnx Created GeoDataFrame with 1 row for query "Piedmont, California, USA"
2020-01-16 21:15:59,689 INFO osmnx Pausing 1.00 seconds before making API GET request
2020-01-16 21:16:00,689 INFO osmnx Requesting https://nominatim.openstreetmap.org/search?format=json&limit=1&dedupe=0&polygon_geojson=1&q=Emeryville%2C+California%2C+USA with timeout=30
2020-01-16 21:16:02,105 INFO osmnx Downloaded 4.6KB from nominatim.openstreetmap.org in 1.42 seconds
2020-01-16 21:16:02,106 INFO osmnx Saved response to cache file "cache/d1827b1162159f7be1359240a6e66c58.json"
2020-01-16 21:16:02,109 INFO osmnx Created GeoDataFrame with 1 row for query "Emeryville, California, USA"
2020-01-16 21:16:02,111 INFO osmnx Pausing 1.00 seconds before making API GET request
2020-01-16 21:16:03,115 INFO osmnx Requesting https://nominatim.openstreetmap.org/search?format=json&limit=1&dedupe=0&polygon_geojson=1&q=Alameda%2C+Alameda+County%2C+CA%2C+USA with timeout=30
2020-01-16 21:16:03,816 INFO osmnx Downloaded 3.5KB from nominatim.openstreetmap.org in 0.70 seconds
2020-01-16 21:16:03,818 INFO osmnx Saved response to cache file "cache/15a8e456e81b5159bf682371b1d8f6a1.json"
2020-01-16 21:16:03,821 INFO osmnx Created GeoDataFrame with 1 row for query "Alameda, Alameda County, CA, USA"
2020-01-16 21:16:03,830 INFO osmnx Finished creating GeoDataFrame with 5 rows from 5 queries
2020-01-16 21:16:03,854 INFO osmnx Saved the GeoDataFrame "unnamed" as shapefile "data/unnamed"
2020-01-16 21:16:03,892 INFO osmnx Projected the GeoDataFrame "unnamed" to UTM-10 in 0.04 seconds
2020-01-16 21:16:04,022 INFO osmnx Projected the GeoDataFrame "geometry to project" to UTM-10 in 0.02 seconds
2020-01-16 21:16:04,042 INFO osmnx Projected the GeoDataFrame "geometry to project" to default_crs in 0.01 seconds
2020-01-16 21:16:04,057 INFO osmnx Projected the GeoDataFrame "geometry to project" to UTM-10 in 0.01 seconds
2020-01-16 21:16:04,072 INFO osmnx Projected the GeoDataFrame "geometry to project" to default_crs in 0.01 seconds
2020-01-16 21:16:04,072 INFO osmnx Requesting network data within bounding box from API in 1 request(s)
2020-01-16 21:16:04,470 INFO osmnx Pausing 0.00 seconds before making API POST request
2020-01-16 21:16:04,470 INFO osmnx Posting to http://overpass-api.de/api/interpreter with timeout=180, "{'data': '[out:json][timeout:180];(way["highway"]["area"!~"yes"]["highway"!~"cycleway|footway|path|pedestrian|steps|track|corridor|elevator|escalator|proposed|construction|bridleway|abandoned|platform|raceway"]["motor_vehicle"!~"no"]["motorcar"!~"no"]["access"!~"private"]["service"!~"parking|parking_aisle|private|emergency_access"](37.775494,-122.435679,37.794506,-122.404321);>;);out;'}"
2020-01-16 21:16:06,060 INFO osmnx Downloaded 1,015.2KB from overpass-api.de in 1.59 seconds
2020-01-16 21:16:06,127 INFO osmnx Saved response to cache file "cache/d88ca01434f6e659321a936aaa293d10.json"
2020-01-16 21:16:06,128 INFO osmnx Got all network data within bounding box from API in 1 request(s) and 2.06 seconds
2020-01-16 21:16:06,128 INFO osmnx Creating networkx graph from downloaded OSM data...
2020-01-16 21:16:06,559 INFO osmnx Graph was not connected, retained only the largest weakly connected component (3,929 of 4,095 total nodes) in 0.30 seconds
2020-01-16 21:16:06,581 INFO osmnx Created graph with 3,929 nodes and 6,482 edges in 0.45 seconds
2020-01-16 21:16:06,700 INFO osmnx Added edge lengths to graph in 0.12 seconds
2020-01-16 21:16:06,813 INFO osmnx Truncated graph by bounding box in 0.11 seconds
2020-01-16 21:16:06,814 INFO osmnx Begin topologically simplifying the graph...
2020-01-16 21:16:06,970 INFO osmnx Identified 1,431 edge endpoints in 0.07 seconds
2020-01-16 21:16:06,976 INFO osmnx Constructed all paths to simplify in 0.01 seconds
2020-01-16 21:16:07,428 INFO osmnx Simplified graph (from 3,929 to 1,431 nodes and from 6,482 to 2,878 edges) in 0.45 seconds
2020-01-16 21:16:07,481 INFO osmnx Truncated graph by bounding box in 0.05 seconds
2020-01-16 21:16:07,483 INFO osmnx Removed 8 isolated nodes
2020-01-16 21:16:07,507 INFO osmnx Graph was not connected, retained only the largest weakly connected component (425 of 428 total nodes) in 0.02 seconds
2020-01-16 21:16:07,704 INFO osmnx Got the counts of undirected street segments incident to each node (before removing peripheral edges) in 0.19 seconds
2020-01-16 21:16:07,711 INFO osmnx graph_from_bbox() returning graph with 425 nodes and 805 edges
2020-01-16 21:16:07,759 INFO osmnx Created a GeoDataFrame from graph in 0.03 seconds
2020-01-16 21:16:07,798 INFO osmnx Projected the GeoDataFrame "unnamed_nodes" to UTM-10 in 0.04 seconds
2020-01-16 21:16:07,904 INFO osmnx Projected the GeoDataFrame "unnamed_edges" to UTM-10 in 0.10 seconds
2020-01-16 21:16:07,923 INFO osmnx Extracted projected node geometries from GeoDataFrame in 0.02 seconds
2020-01-16 21:16:08,988 INFO osmnx Rebuilt projected graph in 1.06 seconds
2020-01-16 21:16:08,991 INFO osmnx Begin plotting the graph...
2020-01-16 21:16:09,041 INFO osmnx Created GeoDataFrame "unnamed_UTM_edges" from graph in 0.05 seconds
2020-01-16 21:16:09,152 INFO osmnx Drew the graph edges in 0.05 seconds
2020-01-16 21:16:09,248 INFO osmnx Showed the plot in 0.07 seconds
2020-01-16 21:16:09,278 INFO osmnx Projected the GeoDataFrame "geometry to project" to UTM-10 in 0.01 seconds
2020-01-16 21:16:09,290 INFO osmnx Projected the GeoDataFrame "geometry to project" to default_crs in 0.01 seconds
2020-01-16 21:16:09,291 INFO osmnx Created bounding box 750 meters in each direction from (37.791427, -122.410018): 37.79818655201352,37.78466744014613,-122.40150012997846,-122.41853588799219
2020-01-16 21:16:09,304 INFO osmnx Projected the GeoDataFrame "geometry to project" to UTM-10 in 0.01 seconds
2020-01-16 21:16:09,323 INFO osmnx Projected the GeoDataFrame "geometry to project" to default_crs in 0.01 seconds
2020-01-16 21:16:09,344 INFO osmnx Projected the GeoDataFrame "geometry to project" to UTM-10 in 0.02 seconds
2020-01-16 21:16:09,360 INFO osmnx Projected the GeoDataFrame "geometry to project" to default_crs in 0.01 seconds
2020-01-16 21:16:09,361 INFO osmnx Requesting network data within bounding box from API in 1 request(s)
2020-01-16 21:16:09,716 INFO osmnx Pausing 0.00 seconds before making API POST request
2020-01-16 21:16:09,716 INFO osmnx Posting to http://overpass-api.de/api/interpreter with timeout=180, "{'data': '[out:json][timeout:180];(way["highway"]["area"!~"yes"]["highway"!~"cycleway|footway|path|pedestrian|steps|track|corridor|elevator|escalator|proposed|construction|bridleway|abandoned|platform|raceway|service"]["motor_vehicle"!~"no"]["motorcar"!~"no"]["access"!~"private"]["service"!~"parking|parking_aisle|driveway|private|emergency_access"](37.780161,-122.424215,37.802693,-122.395821);>;);out;'}"
2020-01-16 21:16:10,713 INFO osmnx Downloaded 912.7KB from overpass-api.de in 1.00 seconds
2020-01-16 21:16:10,764 INFO osmnx Saved response to cache file "cache/10d72c5dba44cddb11e1817191a3f4c5.json"
2020-01-16 21:16:10,765 INFO osmnx Got all network data within bounding box from API in 1 request(s) and 1.40 seconds
2020-01-16 21:16:10,765 INFO osmnx Creating networkx graph from downloaded OSM data...
2020-01-16 21:16:10,989 INFO osmnx Graph was not connected, retained only the largest weakly connected component (3,522 of 3,585 total nodes) in 0.15 seconds
2020-01-16 21:16:11,008 INFO osmnx Created graph with 3,522 nodes and 5,460 edges in 0.24 seconds
2020-01-16 21:16:11,231 INFO osmnx Added edge lengths to graph in 0.22 seconds
2020-01-16 21:16:11,328 INFO osmnx Truncated graph by bounding box in 0.10 seconds
2020-01-16 21:16:11,329 INFO osmnx Begin topologically simplifying the graph...
2020-01-16 21:16:11,509 INFO osmnx Identified 674 edge endpoints in 0.08 seconds
2020-01-16 21:16:11,517 INFO osmnx Constructed all paths to simplify in 0.01 seconds
2020-01-16 21:16:11,898 INFO osmnx Simplified graph (from 3,522 to 674 nodes and from 5,460 to 1,594 edges) in 0.38 seconds
2020-01-16 21:16:11,921 INFO osmnx Truncated graph by bounding box in 0.02 seconds
2020-01-16 21:16:11,921 INFO osmnx Removed 0 isolated nodes
2020-01-16 21:16:12,042 INFO osmnx Got the counts of undirected street segments incident to each node (before removing peripheral edges) in 0.12 seconds
2020-01-16 21:16:12,050 INFO osmnx graph_from_bbox() returning graph with 217 nodes and 498 edges
2020-01-16 21:16:12,066 INFO osmnx graph_from_point() returning graph with 217 nodes and 498 edges
2020-01-16 21:16:12,097 INFO osmnx Created a GeoDataFrame from graph in 0.02 seconds
2020-01-16 21:16:12,121 INFO osmnx Projected the GeoDataFrame "unnamed_nodes" to UTM-10 in 0.02 seconds
2020-01-16 21:16:12,246 INFO osmnx Projected the GeoDataFrame "unnamed_edges" to UTM-10 in 0.12 seconds
2020-01-16 21:16:12,257 INFO osmnx Extracted projected node geometries from GeoDataFrame in 0.01 seconds
2020-01-16 21:16:13,347 INFO osmnx Rebuilt projected graph in 1.09 seconds
2020-01-16 21:16:13,350 INFO osmnx Begin plotting the graph...
2020-01-16 21:16:13,371 INFO osmnx Created GeoDataFrame "unnamed_UTM_edges" from graph in 0.02 seconds
2020-01-16 21:16:13,445 INFO osmnx Drew the graph edges in 0.03 seconds
2020-01-16 21:16:13,524 INFO osmnx Showed the plot in 0.06 seconds
2020-01-16 21:16:13,549 INFO osmnx Projected the GeoDataFrame "geometry to project" to UTM-10 in 0.01 seconds
2020-01-16 21:16:13,561 INFO osmnx Projected the GeoDataFrame "geometry to project" to default_crs in 0.01 seconds
2020-01-16 21:16:13,561 INFO osmnx Created bounding box 500 meters in each direction from (37.791427, -122.410018): 37.79593336888019,37.78692062763521,-122.40433941797288,-122.41569659001406
2020-01-16 21:16:13,574 INFO osmnx Projected the GeoDataFrame "geometry to project" to UTM-10 in 0.01 seconds
2020-01-16 21:16:13,596 INFO osmnx Projected the GeoDataFrame "geometry to project" to default_crs in 0.02 seconds
2020-01-16 21:16:13,628 INFO osmnx Projected the GeoDataFrame "geometry to project" to UTM-10 in 0.02 seconds
2020-01-16 21:16:13,641 INFO osmnx Projected the GeoDataFrame "geometry to project" to default_crs in 0.01 seconds
2020-01-16 21:16:13,642 INFO osmnx Requesting network data within bounding box from API in 1 request(s)
2020-01-16 21:16:14,013 INFO osmnx Pausing 0.00 seconds before making API POST request
2020-01-16 21:16:14,013 INFO osmnx Posting to http://overpass-api.de/api/interpreter with timeout=180, "{'data': '[out:json][timeout:180];(way["highway"]["area"!~"yes"]["highway"!~"proposed|construction|abandoned|platform|raceway"](37.782414,-122.421376,37.800440,-122.398660);>;);out;'}"
2020-01-16 21:16:15,396 INFO osmnx Downloaded 1,000.5KB from overpass-api.de in 1.38 seconds
2020-01-16 21:16:15,487 INFO osmnx Saved response to cache file "cache/2963824ea15f447c84a1f4333ca847c9.json"
2020-01-16 21:16:15,487 INFO osmnx Got all network data within bounding box from API in 1 request(s) and 1.85 seconds
2020-01-16 21:16:15,488 INFO osmnx Creating networkx graph from downloaded OSM data...
2020-01-16 21:16:15,834 INFO osmnx Graph was not connected, retained only the largest weakly connected component (4,043 of 4,361 total nodes) in 0.16 seconds
2020-01-16 21:16:15,856 INFO osmnx Created graph with 4,043 nodes and 8,010 edges in 0.37 seconds
2020-01-16 21:16:15,976 INFO osmnx Added edge lengths to graph in 0.12 seconds
2020-01-16 21:16:16,072 INFO osmnx Truncated graph by bounding box in 0.09 seconds
2020-01-16 21:16:16,072 INFO osmnx Begin topologically simplifying the graph...
2020-01-16 21:16:16,347 INFO osmnx Identified 1,796 edge endpoints in 0.08 seconds
2020-01-16 21:16:16,359 INFO osmnx Constructed all paths to simplify in 0.01 seconds
2020-01-16 21:16:16,838 INFO osmnx Simplified graph (from 4,043 to 1,796 nodes and from 8,010 to 4,256 edges) in 0.48 seconds
2020-01-16 21:16:16,890 INFO osmnx Truncated graph by bounding box in 0.05 seconds
2020-01-16 21:16:16,891 INFO osmnx Removed 7 isolated nodes
2020-01-16 21:16:17,174 INFO osmnx Got the counts of undirected street segments incident to each node (before removing peripheral edges) in 0.28 seconds
2020-01-16 21:16:17,185 INFO osmnx graph_from_bbox() returning graph with 415 nodes and 940 edges
2020-01-16 21:16:17,205 INFO osmnx Found nearest node (65326733) to point (37.791427, -122.410018) in 0.01 seconds
2020-01-16 21:16:17,219 INFO osmnx Truncated graph by weighted network distance in 0.01 seconds
2020-01-16 21:16:17,219 INFO osmnx Removed 5 isolated nodes
2020-01-16 21:16:17,222 INFO osmnx graph_from_point() returning graph with 66 nodes and 129 edges
2020-01-16 21:16:17,222 INFO osmnx Begin plotting the graph...
2020-01-16 21:16:17,235 INFO osmnx Created GeoDataFrame "unnamed_edges" from graph in 0.01 seconds
2020-01-16 21:16:17,265 INFO osmnx Drew the graph edges in 0.01 seconds
2020-01-16 21:16:17,329 INFO osmnx Showed the plot in 0.05 seconds
2020-01-16 21:16:17,353 INFO osmnx Projected the GeoDataFrame "geometry to project" to UTM-10 in 0.01 seconds
2020-01-16 21:16:17,367 INFO osmnx Projected the GeoDataFrame "geometry to project" to default_crs in 0.01 seconds
2020-01-16 21:16:17,368 INFO osmnx Created bounding box 500 meters in each direction from (37.791427, -122.410018): 37.79593336888019,37.78692062763521,-122.40433941797288,-122.41569659001406
2020-01-16 21:16:17,381 INFO osmnx Projected the GeoDataFrame "geometry to project" to UTM-10 in 0.01 seconds
2020-01-16 21:16:17,419 INFO osmnx Projected the GeoDataFrame "geometry to project" to default_crs in 0.03 seconds
2020-01-16 21:16:17,439 INFO osmnx Projected the GeoDataFrame "geometry to project" to UTM-10 in 0.01 seconds
2020-01-16 21:16:17,453 INFO osmnx Projected the GeoDataFrame "geometry to project" to default_crs in 0.01 seconds
2020-01-16 21:16:17,453 INFO osmnx Requesting network data within bounding box from API in 1 request(s)
2020-01-16 21:16:17,849 INFO osmnx Pausing 0.00 seconds before making API POST request
2020-01-16 21:16:17,849 INFO osmnx Posting to http://overpass-api.de/api/interpreter with timeout=180, "{'data': '[out:json][timeout:180];(way["highway"]["area"!~"yes"]["highway"!~"cycleway|motor|proposed|construction|abandoned|platform|raceway"]["foot"!~"no"]["service"!~"private"]["access"!~"private"](37.782414,-122.421376,37.800440,-122.398660);>;);out;'}"
2020-01-16 21:16:20,163 INFO osmnx Downloaded 988.5KB from overpass-api.de in 2.31 seconds
2020-01-16 21:16:20,229 INFO osmnx Saved response to cache file "cache/2f3aaa651673b008665f8558ef6ab322.json"
2020-01-16 21:16:20,230 INFO osmnx Got all network data within bounding box from API in 1 request(s) and 2.78 seconds
2020-01-16 21:16:20,230 INFO osmnx Creating networkx graph from downloaded OSM data...
2020-01-16 21:16:20,571 INFO osmnx Graph was not connected, retained only the largest weakly connected component (3,998 of 4,316 total nodes) in 0.17 seconds
2020-01-16 21:16:20,596 INFO osmnx Created graph with 3,998 nodes and 9,550 edges in 0.37 seconds
2020-01-16 21:16:20,744 INFO osmnx Added edge lengths to graph in 0.14 seconds
2020-01-16 21:16:20,936 INFO osmnx Truncated graph by bounding box in 0.19 seconds
2020-01-16 21:16:20,937 INFO osmnx Begin topologically simplifying the graph...
2020-01-16 21:16:21,238 INFO osmnx Identified 1,755 edge endpoints in 0.11 seconds
2020-01-16 21:16:21,257 INFO osmnx Constructed all paths to simplify in 0.02 seconds
2020-01-16 21:16:21,983 INFO osmnx Simplified graph (from 3,998 to 1,755 nodes and from 9,550 to 5,064 edges) in 0.73 seconds
2020-01-16 21:16:22,045 INFO osmnx Truncated graph by bounding box in 0.06 seconds
2020-01-16 21:16:22,047 INFO osmnx Removed 6 isolated nodes
2020-01-16 21:16:22,502 INFO osmnx Got the counts of undirected street segments incident to each node (before removing peripheral edges) in 0.45 seconds
2020-01-16 21:16:22,512 INFO osmnx graph_from_bbox() returning graph with 408 nodes and 1,190 edges
2020-01-16 21:16:22,534 INFO osmnx Found nearest node (65326733) to point (37.791427, -122.410018) in 0.01 seconds
2020-01-16 21:16:22,550 INFO osmnx Truncated graph by weighted network distance in 0.02 seconds
2020-01-16 21:16:22,551 INFO osmnx Removed 0 isolated nodes
2020-01-16 21:16:22,554 INFO osmnx graph_from_point() returning graph with 150 nodes and 406 edges
2020-01-16 21:16:22,573 INFO osmnx Created a GeoDataFrame from graph in 0.01 seconds
2020-01-16 21:16:22,593 INFO osmnx Projected the GeoDataFrame "unnamed_nodes" to UTM-10 in 0.02 seconds
2020-01-16 21:16:22,666 INFO osmnx Projected the GeoDataFrame "unnamed_edges" to UTM-10 in 0.07 seconds
2020-01-16 21:16:22,676 INFO osmnx Extracted projected node geometries from GeoDataFrame in 0.01 seconds
2020-01-16 21:16:23,392 INFO osmnx Rebuilt projected graph in 0.72 seconds
2020-01-16 21:16:23,394 INFO osmnx Begin plotting the graph...
2020-01-16 21:16:23,426 INFO osmnx Created GeoDataFrame "unnamed_UTM_edges" from graph in 0.03 seconds
2020-01-16 21:16:23,481 INFO osmnx Drew the graph edges in 0.01 seconds
2020-01-16 21:16:23,569 INFO osmnx Showed the plot in 0.07 seconds
2020-01-16 21:16:24,693 INFO osmnx Geocoded "350 5th Ave, New York, NY" to (40.748428399999995, -73.98565461987332)
2020-01-16 21:16:24,708 INFO osmnx Projected the GeoDataFrame "geometry to project" to UTM-18 in 0.01 seconds
2020-01-16 21:16:24,722 INFO osmnx Projected the GeoDataFrame "geometry to project" to default_crs in 0.01 seconds
2020-01-16 21:16:24,723 INFO osmnx Created bounding box 1000 meters in each direction from (40.748428399999995, -73.98565461987332): 40.75743561126351,40.73942117425368,-73.97381104564816,-73.99749825600978
2020-01-16 21:16:24,737 INFO osmnx Projected the GeoDataFrame "geometry to project" to UTM-18 in 0.01 seconds
2020-01-16 21:16:24,749 INFO osmnx Projected the GeoDataFrame "geometry to project" to default_crs in 0.01 seconds
2020-01-16 21:16:24,764 INFO osmnx Projected the GeoDataFrame "geometry to project" to UTM-18 in 0.01 seconds
2020-01-16 21:16:24,776 INFO osmnx Projected the GeoDataFrame "geometry to project" to default_crs in 0.01 seconds
2020-01-16 21:16:24,777 INFO osmnx Requesting network data within bounding box from API in 1 request(s)
2020-01-16 21:16:25,121 INFO osmnx Pausing 0.00 seconds before making API POST request
2020-01-16 21:16:25,122 INFO osmnx Posting to http://overpass-api.de/api/interpreter with timeout=180, "{'data': '[out:json][timeout:180];(way["highway"]["area"!~"yes"]["highway"!~"cycleway|footway|path|pedestrian|steps|track|corridor|elevator|escalator|proposed|construction|bridleway|abandoned|platform|raceway|service"]["motor_vehicle"!~"no"]["motorcar"!~"no"]["access"!~"private"]["service"!~"parking|parking_aisle|driveway|private|emergency_access"](40.734917,-74.003421,40.761940,-73.967888);>;);out;'}"
2020-01-16 21:16:27,023 INFO osmnx Downloaded 964.8KB from overpass-api.de in 1.90 seconds
2020-01-16 21:16:27,069 INFO osmnx Saved response to cache file "cache/d7b99141db450e9f41afae97d1492e59.json"
2020-01-16 21:16:27,069 INFO osmnx Got all network data within bounding box from API in 1 request(s) and 2.29 seconds
2020-01-16 21:16:27,070 INFO osmnx Creating networkx graph from downloaded OSM data...
2020-01-16 21:16:27,180 INFO osmnx Created graph with 3,283 nodes and 4,241 edges in 0.11 seconds
2020-01-16 21:16:27,242 INFO osmnx Added edge lengths to graph in 0.06 seconds
2020-01-16 21:16:27,336 INFO osmnx Truncated graph by bounding box in 0.09 seconds
2020-01-16 21:16:27,336 INFO osmnx Begin topologically simplifying the graph...
2020-01-16 21:16:27,474 INFO osmnx Identified 790 edge endpoints in 0.05 seconds
2020-01-16 21:16:27,480 INFO osmnx Constructed all paths to simplify in 0.01 seconds
2020-01-16 21:16:27,822 INFO osmnx Simplified graph (from 3,283 to 790 nodes and from 4,241 to 1,476 edges) in 0.34 seconds
2020-01-16 21:16:27,874 INFO osmnx Truncated graph by bounding box in 0.04 seconds
2020-01-16 21:16:27,875 INFO osmnx Removed 0 isolated nodes
2020-01-16 21:16:28,087 INFO osmnx Got the counts of undirected street segments incident to each node (before removing peripheral edges) in 0.20 seconds
2020-01-16 21:16:28,094 INFO osmnx graph_from_bbox() returning graph with 316 nodes and 590 edges
2020-01-16 21:16:28,111 INFO osmnx Found nearest node (42446701) to point (40.748428399999995, -73.98565461987332) in 0.01 seconds
2020-01-16 21:16:28,122 INFO osmnx Truncated graph by weighted network distance in 0.01 seconds
2020-01-16 21:16:28,123 INFO osmnx Removed 6 isolated nodes
2020-01-16 21:16:28,131 INFO osmnx Graph was not connected, retained only the largest weakly connected component (128 of 141 total nodes) in 0.01 seconds
2020-01-16 21:16:28,133 INFO osmnx graph_from_point() returning graph with 128 nodes and 223 edges
2020-01-16 21:16:28,134 INFO osmnx graph_from_address() returning graph with 128 nodes and 223 edges
2020-01-16 21:16:28,157 INFO osmnx Created a GeoDataFrame from graph in 0.02 seconds
2020-01-16 21:16:28,188 INFO osmnx Projected the GeoDataFrame "unnamed_nodes" to UTM-18 in 0.03 seconds
2020-01-16 21:16:28,243 INFO osmnx Projected the GeoDataFrame "unnamed_edges" to UTM-18 in 0.05 seconds
2020-01-16 21:16:28,256 INFO osmnx Extracted projected node geometries from GeoDataFrame in 0.01 seconds
2020-01-16 21:16:28,752 INFO osmnx Rebuilt projected graph in 0.50 seconds
2020-01-16 21:16:28,753 INFO osmnx Begin plotting the graph...
2020-01-16 21:16:28,772 INFO osmnx Created GeoDataFrame "unnamed_UTM_edges" from graph in 0.02 seconds
2020-01-16 21:16:28,813 INFO osmnx Drew the graph edges in 0.01 seconds
2020-01-16 21:16:28,875 INFO osmnx Showed the plot in 0.05 seconds
2020-01-16 21:16:28,891 INFO osmnx Retrieved response from cache file "cache/7a10ef7f51a32868ea1208e6d6162cd1.json" for URL "https://nominatim.openstreetmap.org/search?format=json&limit=1&dedupe=0&polygon_geojson=1&q=Piedmont%2C+California%2C+USA"
2020-01-16 21:16:28,894 INFO osmnx Created GeoDataFrame with 1 row for query "Piedmont, California, USA"
2020-01-16 21:16:28,894 INFO osmnx Constructed place geometry polygon(s) to query API
2020-01-16 21:16:28,910 INFO osmnx Projected the GeoDataFrame "geometry to project" to UTM-10 in 0.01 seconds
2020-01-16 21:16:28,929 INFO osmnx Projected the GeoDataFrame "geometry to project" to default_crs in 0.01 seconds
2020-01-16 21:16:28,977 INFO osmnx Projected the GeoDataFrame "geometry to project" to UTM-10 in 0.04 seconds
2020-01-16 21:16:28,996 INFO osmnx Projected the GeoDataFrame "geometry to project" to default_crs in 0.01 seconds
2020-01-16 21:16:29,001 INFO osmnx Requesting network data within polygon from API in 1 request(s)
2020-01-16 21:16:29,390 INFO osmnx Pausing 0.00 seconds before making API POST request
2020-01-16 21:16:29,390 INFO osmnx Posting to http://overpass-api.de/api/interpreter with timeout=180, "{'data': '[out:json][timeout:180];(way["highway"]["area"!~"yes"]["highway"!~"proposed|construction|abandoned|platform|raceway"](poly:"37.823113 -122.255010 37.823199 -122.255027 37.823651 -122.255055 37.824104 -122.255026 37.824552 -122.254940 37.824991 -122.254797 37.825417 -122.254600 37.825824 -122.254350 37.826210 -122.254049 37.826569 -122.253701 37.826799 -122.253455 37.826915 -122.253330 37.827176 -122.253244 37.827377 -122.253178 37.827800 -122.253010 37.828208 -122.252791 37.828597 -122.252523 37.828964 -122.252207 37.829303 -122.251848 37.829613 -122.251448 37.829891 -122.251012 37.830143 -122.250573 37.830803 -122.249429 37.830839 -122.249407 37.831197 -122.249128 37.831286 -122.249052 37.832123 -122.248407 37.832393 -122.248200 37.832408 -122.248188 37.832448 -122.248157 37.832806 -122.247849 37.833139 -122.247498 37.833444 -122.247109 37.833717 -122.246685 37.833957 -122.246229 37.834162 -122.245747 37.834328 -122.245241 37.834455 -122.244718 37.834542 -122.244183 37.834587 -122.243639 37.834589 -122.243372 37.834678 -122.243039 37.834731 -122.242827 37.834764 -122.242685 37.834890 -122.241972 37.834909 -122.241820 37.834955 -122.241306 37.834963 -122.241152 37.834972 -122.240864 37.834984 -122.239854 37.834988 -122.239743 37.835013 -122.239561 37.835040 -122.239289 37.835061 -122.239227 37.835189 -122.238722 37.835278 -122.238205 37.835314 -122.237839 37.835348 -122.237717 37.835448 -122.237227 37.835481 -122.237028 37.835520 -122.236796 37.835555 -122.236603 37.835691 -122.235869 37.835737 -122.235620 37.835738 -122.235611 37.835971 -122.234342 37.836041 -122.233967 37.836454 -122.232630 37.836562 -122.232282 37.836840 -122.231384 37.837223 -122.230148 37.837363 -122.229621 37.837462 -122.229079 37.837518 -122.228527 37.837531 -122.227970 37.837501 -122.227415 37.837429 -122.226866 37.837313 -122.226329 37.837157 -122.225809 37.836961 -122.225310 37.836727 -122.224838 37.836458 -122.224397 37.836321 -122.224194 37.835909 -122.223581 37.835902 -122.223571 37.835860 -122.223509 37.835655 -122.223085 37.835595 -122.222985 37.835586 -122.222968 37.835578 -122.222952 37.835434 -122.222684 37.835429 -122.222676 37.835381 -122.222587 37.835374 -122.222573 37.835322 -122.222478 37.835298 -122.222434 37.835063 -122.221995 37.835055 -122.221980 37.834974 -122.221830 37.834716 -122.221399 37.834427 -122.221000 37.834110 -122.220638 37.833766 -122.220315 37.833400 -122.220035 37.833015 -122.219801 37.832810 -122.219691 37.832272 -122.219402 37.831977 -122.219183 37.831614 -122.218915 37.830654 -122.218095 37.830647 -122.218088 37.830591 -122.218041 37.830515 -122.217976 37.830496 -122.217959 37.830412 -122.217887 37.830144 -122.217659 37.829807 -122.217396 37.829733 -122.217344 37.829631 -122.217281 37.829503 -122.217182 37.829430 -122.217131 37.828987 -122.216860 37.828701 -122.216709 37.828662 -122.216688 37.828379 -122.216543 37.827516 -122.215453 37.827432 -122.215347 37.827198 -122.215051 37.827190 -122.215041 37.827029 -122.214674 37.826870 -122.214305 37.826798 -122.214155 37.826740 -122.214040 37.826711 -122.213957 37.826644 -122.213786 37.826416 -122.213272 37.826146 -122.212791 37.825839 -122.212347 37.825749 -122.212230 37.825389 -122.211810 37.825007 -122.211454 37.825005 -122.211449 37.824892 -122.211240 37.824758 -122.211006 37.824502 -122.210581 37.823733 -122.209301 37.823648 -122.209175 37.823573 -122.209040 37.823492 -122.208894 37.823215 -122.208389 37.823146 -122.208264 37.823031 -122.208047 37.822619 -122.207266 37.822482 -122.207006 37.822225 -122.206566 37.821937 -122.206159 37.821618 -122.205789 37.821273 -122.205460 37.820904 -122.205174 37.820515 -122.204933 37.820110 -122.204741 37.819692 -122.204599 37.819265 -122.204508 37.818833 -122.204469 37.818400 -122.204482 37.817970 -122.204548 37.817547 -122.204666 37.817135 -122.204834 37.816738 -122.205051 37.816359 -122.205316 37.816002 -122.205625 37.815670 -122.205975 37.815367 -122.206365 37.814959 -122.206941 37.814930 -122.206982 37.814675 -122.207349 37.814481 -122.207381 37.814339 -122.207410 37.814177 -122.207447 37.814030 -122.207484 37.813634 -122.207607 37.813500 -122.207657 37.812918 -122.207931 37.812911 -122.207935 37.812827 -122.207984 37.812691 -122.208066 37.812132 -122.208467 37.811978 -122.208597 37.811966 -122.208603 37.811575 -122.208821 37.811483 -122.208879 37.811239 -122.209045 37.811213 -122.209064 37.811191 -122.209080 37.811159 -122.209104 37.811136 -122.209120 37.810777 -122.209410 37.810730 -122.209452 37.810345 -122.209837 37.810210 -122.209988 37.810035 -122.210195 37.809941 -122.210312 37.809922 -122.210337 37.809674 -122.210537 37.809327 -122.210879 37.809009 -122.211262 37.808722 -122.211682 37.808469 -122.212135 37.808252 -122.212618 37.808073 -122.213125 37.807935 -122.213651 37.807838 -122.214192 37.807783 -122.214742 37.807771 -122.215296 37.807802 -122.215849 37.807875 -122.216396 37.807991 -122.216931 37.808147 -122.217449 37.808240 -122.217718 37.808412 -122.218216 37.808499 -122.218428 37.808535 -122.218647 37.808536 -122.218646 37.808586 -122.218943 37.808619 -122.219109 37.808647 -122.219244 37.808740 -122.219662 37.808776 -122.219850 37.809087 -122.221225 37.809106 -122.221298 37.809181 -122.221649 37.809265 -122.221991 37.809318 -122.222187 37.809322 -122.222205 37.809389 -122.222450 37.809446 -122.222678 37.809566 -122.223440 37.809569 -122.223463 37.809617 -122.223762 37.809705 -122.224211 37.809768 -122.224486 37.809957 -122.225311 37.809961 -122.225329 37.810025 -122.225605 37.810110 -122.225936 37.810180 -122.226181 37.810184 -122.226195 37.810396 -122.226930 37.810412 -122.226982 37.810520 -122.227465 37.810522 -122.227472 37.810980 -122.229494 37.811104 -122.230040 37.811143 -122.230250 37.811185 -122.230460 37.811258 -122.230791 37.811688 -122.232912 37.811690 -122.232921 37.811838 -122.233645 37.812030 -122.234375 37.812098 -122.234585 37.812105 -122.234606 37.812310 -122.235233 37.812335 -122.235308 37.812365 -122.235416 37.812513 -122.235963 37.812569 -122.236157 37.812624 -122.236335 37.812672 -122.236504 37.812695 -122.236590 37.812699 -122.236606 37.812766 -122.236853 37.812871 -122.237407 37.812918 -122.237961 37.812919 -122.237980 37.812939 -122.238210 37.813006 -122.238743 37.813113 -122.239267 37.813198 -122.239611 37.813451 -122.240643 37.813454 -122.240655 37.813499 -122.240838 37.813517 -122.240934 37.813670 -122.241713 37.813721 -122.241973 37.813767 -122.242187 37.813858 -122.242584 37.814131 -122.243775 37.814134 -122.243787 37.814226 -122.244185 37.814278 -122.244395 37.814318 -122.244546 37.814438 -122.244999 37.814453 -122.245050 37.814580 -122.245495 37.814634 -122.245662 37.814641 -122.245685 37.814797 -122.246160 37.814803 -122.246192 37.814849 -122.246421 37.814970 -122.246925 37.815128 -122.247413 37.815321 -122.247881 37.815547 -122.248324 37.815805 -122.248739 37.816092 -122.249121 37.816171 -122.249217 37.816316 -122.249386 37.816481 -122.249570 37.816608 -122.249705 37.816727 -122.249828 37.816858 -122.249983 37.816976 -122.250117 37.817113 -122.250268 37.817343 -122.250506 37.817479 -122.250637 37.818026 -122.251088 37.818110 -122.251147 37.818393 -122.251471 37.818403 -122.251482 37.818668 -122.251851 37.819597 -122.253146 37.819902 -122.253532 37.820234 -122.253880 37.820592 -122.254186 37.820972 -122.254447 37.821369 -122.254661 37.821781 -122.254826 37.822203 -122.254941 37.822633 -122.255004 37.823065 -122.255015 37.823113 -122.255010");>;);out;'}"
2020-01-16 21:16:38,836 INFO osmnx Downloaded 1,288.0KB from overpass-api.de in 9.45 seconds
2020-01-16 21:16:38,934 INFO osmnx Saved response to cache file "cache/0229ed17d3c08de3e9baf96831bd68fb.json"
2020-01-16 21:16:38,934 INFO osmnx Got all network data within polygon from API in 1 request(s) and 9.93 seconds
2020-01-16 21:16:38,934 INFO osmnx Creating networkx graph from downloaded OSM data...
2020-01-16 21:16:39,288 INFO osmnx Created graph with 9,547 nodes and 19,681 edges in 0.35 seconds
2020-01-16 21:16:39,583 INFO osmnx Added edge lengths to graph in 0.29 seconds
2020-01-16 21:16:39,914 INFO osmnx Identifying all nodes that lie outside the polygon...
2020-01-16 21:16:40,787 INFO osmnx Created r-tree spatial index for 9,547 points in 0.72 seconds
2020-01-16 21:16:41,372 INFO osmnx Identified 8,540 nodes inside polygon in 0.59 seconds
2020-01-16 21:16:41,384 INFO osmnx Removed 1,007 nodes outside polygon in 0.00 seconds
2020-01-16 21:16:41,441 INFO osmnx Begin topologically simplifying the graph...
2020-01-16 21:16:41,788 INFO osmnx Identified 1,774 edge endpoints in 0.14 seconds
2020-01-16 21:16:41,811 INFO osmnx Constructed all paths to simplify in 0.02 seconds
2020-01-16 21:16:43,212 INFO osmnx Simplified graph (from 8,540 to 1,774 nodes and from 17,637 to 4,695 edges) in 1.40 seconds
2020-01-16 21:16:43,277 INFO osmnx Identifying all nodes that lie outside the polygon...
2020-01-16 21:16:43,530 INFO osmnx Created r-tree spatial index for 1,774 points in 0.19 seconds
2020-01-16 21:16:43,653 INFO osmnx Identified 553 nodes inside polygon in 0.12 seconds
2020-01-16 21:16:43,663 INFO osmnx Removed 1,221 nodes outside polygon in 0.01 seconds
2020-01-16 21:16:43,667 INFO osmnx Removed 2 isolated nodes
2020-01-16 21:16:43,695 INFO osmnx Graph was not connected, retained only the largest weakly connected component (549 of 551 total nodes) in 0.03 seconds
2020-01-16 21:16:44,069 INFO osmnx Got the counts of undirected street segments incident to each node (before removing peripheral edges) in 0.37 seconds
2020-01-16 21:16:44,080 INFO osmnx graph_from_polygon() returning graph with 549 nodes and 1,475 edges
2020-01-16 21:16:44,115 INFO osmnx graph_from_place() returning graph with 549 nodes and 1,475 edges
2020-01-16 21:16:44,212 INFO osmnx Created a GeoDataFrame from graph in 0.07 seconds
2020-01-16 21:16:44,273 INFO osmnx Projected the GeoDataFrame "Piedmont, California, USA_nodes" to UTM-10 in 0.06 seconds
2020-01-16 21:16:45,230 INFO osmnx Projected the GeoDataFrame "Piedmont, California, USA_edges" to UTM-10 in 0.95 seconds
2020-01-16 21:16:45,292 INFO osmnx Extracted projected node geometries from GeoDataFrame in 0.06 seconds
2020-01-16 21:16:50,446 INFO osmnx Rebuilt projected graph in 5.15 seconds
2020-01-16 21:16:50,450 INFO osmnx Begin plotting the graph...
2020-01-16 21:16:50,519 INFO osmnx Created GeoDataFrame "Piedmont, California, USA_UTM_edges" from graph in 0.07 seconds
2020-01-16 21:16:50,707 INFO osmnx Drew the graph edges in 0.07 seconds
2020-01-16 21:16:50,869 INFO osmnx Showed the plot in 0.13 seconds
2020-01-16 21:16:50,893 INFO osmnx Pausing 1.00 seconds before making API GET request
2020-01-16 21:16:51,898 INFO osmnx Requesting https://nominatim.openstreetmap.org/search?format=json&limit=1&dedupe=0&polygon_geojson=1&q=Los+Altos%2C+California%2C+USA with timeout=30
2020-01-16 21:16:52,736 INFO osmnx Downloaded 22.2KB from nominatim.openstreetmap.org in 0.84 seconds
2020-01-16 21:16:52,739 INFO osmnx Saved response to cache file "cache/c53158c53b611105e4c7e8adc5f7ac62.json"
2020-01-16 21:16:52,742 INFO osmnx Created GeoDataFrame with 1 row for query "Los Altos, California, USA"
2020-01-16 21:16:52,743 INFO osmnx Pausing 1.00 seconds before making API GET request
2020-01-16 21:16:53,744 INFO osmnx Requesting https://nominatim.openstreetmap.org/search?format=json&limit=1&dedupe=0&polygon_geojson=1&city=Los+Altos+Hills&state=California with timeout=30
2020-01-16 21:16:54,475 INFO osmnx Downloaded 19.3KB from nominatim.openstreetmap.org in 0.73 seconds
2020-01-16 21:16:54,480 INFO osmnx Saved response to cache file "cache/1780d015abeb9658ed0bde063b71e81a.json"
2020-01-16 21:16:54,485 INFO osmnx Created GeoDataFrame with 1 row for query "{'city': 'Los Altos Hills', 'state': 'California'}"
2020-01-16 21:16:54,489 INFO osmnx Pausing 1.00 seconds before making API GET request
2020-01-16 21:16:55,489 INFO osmnx Requesting https://nominatim.openstreetmap.org/search?format=json&limit=1&dedupe=0&polygon_geojson=1&q=Loyola%2C+California with timeout=30
2020-01-16 21:16:56,193 INFO osmnx Downloaded 12.1KB from nominatim.openstreetmap.org in 0.70 seconds
2020-01-16 21:16:56,195 INFO osmnx Saved response to cache file "cache/7ecef6c11fd77407059848d311e85c34.json"
2020-01-16 21:16:56,198 INFO osmnx Created GeoDataFrame with 1 row for query "Loyola, California"
2020-01-16 21:16:56,203 INFO osmnx Finished creating GeoDataFrame with 3 rows from 3 queries
2020-01-16 21:16:56,218 INFO osmnx Constructed place geometry polygon(s) to query API
2020-01-16 21:16:56,232 INFO osmnx Projected the GeoDataFrame "geometry to project" to UTM-10 in 0.01 seconds
2020-01-16 21:16:56,246 INFO osmnx Projected the GeoDataFrame "geometry to project" to default_crs in 0.01 seconds
2020-01-16 21:16:56,254 INFO osmnx Requesting network data within polygon from API in 1 request(s)
2020-01-16 21:16:56,647 INFO osmnx Pausing 0.00 seconds before making API POST request
2020-01-16 21:16:56,648 INFO osmnx Posting to http://overpass-api.de/api/interpreter with timeout=180, "{'data': '[out:json][timeout:180];(way["highway"]["area"!~"yes"]["highway"!~"proposed|construction|abandoned|platform|raceway"](poly:"37.341595 -122.091622 37.341505 -122.091711 37.341352 -122.091787 37.341225 -122.091856 37.340979 -122.091896 37.340687 -122.091945 37.340560 -122.092007 37.340412 -122.092124 37.340340 -122.092165 37.340220 -122.092282 37.340165 -122.092330 37.340099 -122.092337 37.339972 -122.092309 37.339912 -122.092213 37.339818 -122.092151 37.339138 -122.092317 37.339088 -122.092330 37.339000 -122.092426 37.338923 -122.092536 37.338599 -122.092722 37.337903 -122.092813 37.337659 -122.092845 37.337522 -122.092811 37.337401 -122.092756 37.337258 -122.092591 37.337209 -122.092315 37.337132 -122.092026 37.337060 -122.091820 37.336956 -122.091710 37.336797 -122.091586 37.336637 -122.091469 37.336624 -122.091458 37.336527 -122.091379 37.336368 -122.091262 37.336116 -122.090980 37.336050 -122.091000 37.335990 -122.090980 37.335880 -122.090930 37.335960 -122.091190 37.335960 -122.091340 37.335950 -122.091400 37.335910 -122.091450 37.335980 -122.091550 37.336020 -122.091670 37.336020 -122.091780 37.335967 -122.091951 37.335770 -122.092600 37.335700 -122.092750 37.335620 -122.092820 37.335500 -122.092870 37.335350 -122.092910 37.335160 -122.093000 37.335020 -122.093050 37.334730 -122.093070 37.334590 -122.093090 37.334190 -122.093200 37.333890 -122.093270 37.333730 -122.093300 37.333610 -122.093390 37.333440 -122.093630 37.333045 -122.094157 37.333028 -122.094182 37.332869 -122.094398 37.332423 -122.095001 37.332350 -122.095100 37.332277 -122.095250 37.332030 -122.095760 37.331942 -122.095918 37.331830 -122.096120 37.331705 -122.096352 37.331630 -122.096490 37.331564 -122.096586 37.331460 -122.096740 37.331435 -122.096996 37.331430 -122.097050 37.331490 -122.097090 37.331559 -122.096959 37.331700 -122.096690 37.331815 -122.096554 37.331820 -122.096550 37.331980 -122.096380 37.332140 -122.096180 37.332220 -122.096060 37.332260 -122.096030 37.332320 -122.096030 37.332400 -122.096050 37.332580 -122.096160 37.332810 -122.096330 37.333160 -122.096630 37.333290 -122.096810 37.333330 -122.096920 37.333350 -122.097060 37.333340 -122.097250 37.333320 -122.097430 37.333330 -122.097590 37.333380 -122.097750 37.333500 -122.098000 37.333800 -122.098420 37.333940 -122.098640 37.334030 -122.098730 37.334110 -122.098780 37.334210 -122.098790 37.334330 -122.098780 37.334470 -122.098730 37.334750 -122.098600 37.334970 -122.098440 37.335040 -122.098410 37.335060 -122.098400 37.335150 -122.098390 37.335400 -122.098440 37.335610 -122.098540 37.335720 -122.098620 37.335820 -122.098720 37.336000 -122.098970 37.336230 -122.099330 37.336320 -122.099500 37.336460 -122.099880 37.336590 -122.100250 37.336660 -122.100360 37.336752 -122.100462 37.336760 -122.100470 37.336920 -122.100580 37.337240 -122.100770 37.337500 -122.100900 37.337600 -122.100930 37.337780 -122.100940 37.337880 -122.100950 37.338490 -122.100970 37.339110 -122.100940 37.339340 -122.100920 37.339420 -122.101170 37.339446 -122.101232 37.339510 -122.101380 37.339560 -122.101440 37.339593 -122.101517 37.340130 -122.101710 37.340220 -122.101720 37.340226 -122.101721 37.340520 -122.101790 37.340548 -122.101795 37.340306 -122.102029 37.339581 -122.102735 37.339340 -122.102970 37.339399 -122.103100 37.339576 -122.103490 37.339636 -122.103620 37.339318 -122.103367 37.339209 -122.103420 37.339557 -122.104389 37.339157 -122.104789 37.338215 -122.105018 37.337961 -122.104783 37.337783 -122.104847 37.337863 -122.106827 37.338890 -122.107620 37.338408 -122.108660 37.338698 -122.108812 37.338779 -122.108823 37.338945 -122.108778 37.339465 -122.111452 37.339720 -122.112441 37.341360 -122.119700 37.342650 -122.125721 37.346889 -122.124161 37.347433 -122.122055 37.347463 -122.122222 37.347555 -122.122725 37.347586 -122.122893 37.347589 -122.122925 37.347598 -122.123021 37.347601 -122.123053 37.347658 -122.123051 37.347830 -122.123085 37.348247 -122.123167 37.348322 -122.123175 37.348487 -122.123288 37.348680 -122.123420 37.348749 -122.123730 37.348957 -122.124663 37.349027 -122.124974 37.348986 -122.124986 37.348865 -122.125024 37.348850 -122.125030 37.348826 -122.125040 37.348764 -122.125006 37.348677 -122.124959 37.348660 -122.125070 37.348650 -122.125140 37.348736 -122.125275 37.348794 -122.125909 37.348402 -122.126483 37.347797 -122.127370 37.348412 -122.128319 37.349286 -122.128138 37.349008 -122.126787 37.348972 -122.126608 37.349308 -122.126361 37.350010 -122.125812 37.349940 -122.126048 37.349793 -122.126543 37.349717 -122.126804 37.349752 -122.128518 37.349998 -122.128342 37.350620 -122.127900 37.350680 -122.128200 37.350717 -122.128323 37.350743 -122.128453 37.350763 -122.128548 37.350806 -122.128733 37.349416 -122.129303 37.348669 -122.131114 37.348615 -122.132493 37.348136 -122.133125 37.348047 -122.133244 37.348223 -122.133658 37.348312 -122.133869 37.348152 -122.134664 37.347833 -122.134939 37.347836 -122.135257 37.347839 -122.135429 37.347535 -122.135946 37.348649 -122.135052 37.349753 -122.133078 37.349833 -122.132936 37.349809 -122.132925 37.349321 -122.132641 37.349413 -122.132196 37.349614 -122.131236 37.349955 -122.131063 37.350361 -122.130858 37.350962 -122.130255 37.351432 -122.129786 37.351446 -122.130689 37.350856 -122.131479 37.350845 -122.131495 37.350655 -122.132305 37.350753 -122.132537 37.350955 -122.133023 37.350987 -122.133098 37.351196 -122.133594 37.351266 -122.133762 37.351444 -122.134186 37.351950 -122.134650 37.352094 -122.134782 37.352079 -122.134973 37.352020 -122.135750 37.351707 -122.135437 37.351240 -122.134970 37.351186 -122.134970 37.350940 -122.134970 37.350578 -122.135015 37.350140 -122.135070 37.349768 -122.135197 37.348653 -122.135582 37.348282 -122.135711 37.347541 -122.135974 37.349462 -122.136676 37.348965 -122.137223 37.348921 -122.141591 37.346066 -122.141531 37.345988 -122.146740 37.345933 -122.150698 37.348854 -122.150779 37.352351 -122.150854 37.352435 -122.150865 37.352630 -122.151180 37.352810 -122.151495 37.352830 -122.151530 37.352980 -122.151717 37.353110 -122.151880 37.353320 -122.152210 37.353381 -122.152316 37.353510 -122.152540 37.353680 -122.152760 37.353830 -122.153020 37.353980 -122.153310 37.354129 -122.153553 37.354140 -122.153570 37.354330 -122.153910 37.354400 -122.154070 37.354420 -122.154140 37.354431 -122.154199 37.354440 -122.154240 37.354440 -122.154300 37.354429 -122.154343 37.354410 -122.154420 37.354400 -122.154530 37.354360 -122.154730 37.354330 -122.154910 37.354320 -122.155280 37.354320 -122.155980 37.354350 -122.156510 37.354370 -122.156670 37.354380 -122.156810 37.354370 -122.156840 37.354370 -122.156940 37.354350 -122.157090 37.354260 -122.157380 37.354256 -122.157417 37.354240 -122.157570 37.354230 -122.157720 37.354260 -122.158100 37.354280 -122.158530 37.354280 -122.158700 37.354300 -122.158860 37.354250 -122.159160 37.354150 -122.159440 37.354130 -122.159570 37.354130 -122.159640 37.354140 -122.159770 37.354170 -122.159870 37.354210 -122.159950 37.354270 -122.160040 37.354350 -122.160130 37.354510 -122.160270 37.354750 -122.160390 37.354900 -122.160520 37.355030 -122.160680 37.355170 -122.160870 37.355280 -122.161100 37.355480 -122.161440 37.355680 -122.161670 37.356780 -122.163990 37.356850 -122.164090 37.356857 -122.164101 37.356980 -122.164280 37.357030 -122.164330 37.357350 -122.164700 37.357530 -122.165010 37.357690 -122.165340 37.357750 -122.165500 37.357770 -122.165620 37.357979 -122.166323 37.358050 -122.165780 37.358050 -122.165640 37.358053 -122.165587 37.358060 -122.165470 37.358100 -122.165270 37.358110 -122.165180 37.358100 -122.165090 37.358050 -122.164980 37.358000 -122.164890 37.357970 -122.164800 37.357960 -122.164730 37.357970 -122.164650 37.357990 -122.164570 37.358020 -122.164520 37.358110 -122.164480 37.358180 -122.164500 37.358260 -122.164540 37.358310 -122.164580 37.358370 -122.164640 37.358470 -122.164780 37.358490 -122.164860 37.358470 -122.165060 37.358450 -122.165130 37.358440 -122.165296 37.358440 -122.165310 37.358440 -122.165420 37.358450 -122.165470 37.358470 -122.165530 37.358520 -122.165570 37.358570 -122.165590 37.358610 -122.165590 37.358650 -122.165580 37.358840 -122.165490 37.358900 -122.165470 37.358950 -122.165470 37.359120 -122.165580 37.359200 -122.165670 37.359250 -122.165770 37.359270 -122.165860 37.359280 -122.165930 37.359290 -122.165970 37.359260 -122.166230 37.359260 -122.166320 37.359270 -122.166372 37.359280 -122.166420 37.359390 -122.166600 37.359450 -122.166650 37.359530 -122.166680 37.359610 -122.166740 37.359660 -122.166800 37.359680 -122.166870 37.359680 -122.166920 37.359700 -122.167110 37.359720 -122.167180 37.359770 -122.167270 37.359910 -122.167470 37.359930 -122.167570 37.359920 -122.167700 37.359920 -122.167820 37.359930 -122.167900 37.359950 -122.167970 37.359980 -122.168050 37.360010 -122.168100 37.360130 -122.168220 37.360250 -122.168300 37.360370 -122.168360 37.360440 -122.168420 37.360510 -122.168620 37.360530 -122.168710 37.360513 -122.169072 37.360510 -122.169150 37.360490 -122.169270 37.360500 -122.169370 37.360520 -122.169490 37.360660 -122.169830 37.360781 -122.170114 37.360855 -122.170021 37.360919 -122.169966 37.360963 -122.169945 37.361183 -122.169840 37.361354 -122.169790 37.361568 -122.169914 37.361826 -122.169942 37.362013 -122.169994 37.362163 -122.170100 37.362269 -122.170376 37.362332 -122.170718 37.362448 -122.171345 37.362549 -122.171680 37.362636 -122.171841 37.362704 -122.171889 37.362828 -122.171901 37.362926 -122.171831 37.362968 -122.171697 37.362972 -122.171452 37.362934 -122.171025 37.362845 -122.170062 37.362803 -122.169638 37.362811 -122.169412 37.362899 -122.169102 37.362984 -122.168987 37.363139 -122.168837 37.363222 -122.168793 37.363321 -122.168762 37.363540 -122.168782 37.363807 -122.168790 37.363963 -122.168764 37.364868 -122.172088 37.370078 -122.170304 37.375855 -122.168439 37.377582 -122.167902 37.378837 -122.169832 37.379126 -122.169887 37.379743 -122.171825 37.385639 -122.170508 37.385771 -122.170387 37.390277 -122.169321 37.391568 -122.168996 37.392560 -122.168754 37.399141 -122.167222 37.398184 -122.165042 37.395697 -122.162204 37.394163 -122.162395 37.393954 -122.162418 37.393940 -122.162420 37.393936 -122.162420 37.393862 -122.162439 37.393746 -122.162466 37.393658 -122.162483 37.393570 -122.162360 37.393532 -122.162303 37.393515 -122.162269 37.393510 -122.162260 37.393450 -122.162170 37.393360 -122.162280 37.393216 -122.162415 37.393190 -122.162440 37.392890 -122.162640 37.392580 -122.162800 37.392317 -122.162871 37.391524 -122.163076 37.390150 -122.163420 37.390146 -122.163420 37.390040 -122.163440 37.389956 -122.163456 37.389830 -122.163480 37.389704 -122.163504 37.389620 -122.163520 37.389580 -122.163526 37.389460 -122.163543 37.389420 -122.163550 37.389360 -122.163560 37.389184 -122.163594 37.388750 -122.163680 37.388660 -122.163701 37.388487 -122.163744 37.388461 -122.163749 37.388384 -122.163767 37.388359 -122.163774 37.388321 -122.163783 37.388207 -122.163810 37.388170 -122.163820 37.388160 -122.163750 37.388160 -122.163670 37.388120 -122.163410 37.388120 -122.163240 37.388150 -122.163110 37.388367 -122.162489 37.388420 -122.162340 37.388460 -122.162060 37.388480 -122.161550 37.388390 -122.160420 37.388320 -122.159620 37.388250 -122.159090 37.388106 -122.158404 37.388030 -122.158040 37.387820 -122.157060 37.387617 -122.156345 37.387590 -122.156250 37.387360 -122.155710 37.387110 -122.155280 37.386890 -122.154950 37.386830 -122.154830 37.386670 -122.154590 37.386552 -122.154399 37.386540 -122.154380 37.386470 -122.154200 37.386430 -122.154040 37.386420 -122.153910 37.386430 -122.153760 37.386440 -122.153680 37.386460 -122.153550 37.386470 -122.153530 37.386504 -122.153408 37.386510 -122.153390 37.386590 -122.153200 37.386834 -122.152738 37.386870 -122.152670 37.386874 -122.152656 37.386910 -122.152540 37.387000 -122.152410 37.387105 -122.152279 37.387220 -122.152140 37.387380 -122.152020 37.387489 -122.151965 37.387640 -122.151890 37.388060 -122.151710 37.388189 -122.151641 37.388210 -122.151630 37.388380 -122.151570 37.388740 -122.151500 37.389946 -122.151215 37.389970 -122.151210 37.390530 -122.151060 37.390814 -122.150972 37.390920 -122.150940 37.391210 -122.150810 37.391470 -122.150630 37.391573 -122.150526 37.391660 -122.150440 37.391763 -122.150298 37.391920 -122.150261 37.394248 -122.143495 37.395361 -122.141436 37.394843 -122.140840 37.394019 -122.140723 37.394009 -122.140835 37.392491 -122.140569 37.392435 -122.140559 37.392457 -122.140681 37.391052 -122.140173 37.391048 -122.138797 37.389668 -122.138795 37.389643 -122.138250 37.389164 -122.138242 37.389114 -122.136961 37.388586 -122.136337 37.388537 -122.135076 37.389520 -122.135081 37.389569 -122.136338 37.390790 -122.136343 37.390948 -122.136343 37.391956 -122.136348 37.391636 -122.135335 37.392122 -122.135312 37.392121 -122.135306 37.392120 -122.135300 37.392119 -122.135293 37.392119 -122.135286 37.392119 -122.135278 37.392120 -122.135271 37.392120 -122.135263 37.392121 -122.135256 37.392123 -122.135249 37.392124 -122.135243 37.391608 -122.135267 37.391447 -122.134877 37.391047 -122.135187 37.391036 -122.134699 37.391003 -122.133107 37.390983 -122.132143 37.391330 -122.132064 37.392728 -122.133144 37.393743 -122.133075 37.393689 -122.130538 37.393959 -122.130529 37.389821 -122.127827 37.389821 -122.127866 37.388713 -122.127142 37.388373 -122.126914 37.388371 -122.126854 37.388362 -122.126532 37.388361 -122.126507 37.388347 -122.126402 37.388335 -122.126393 37.388312 -122.126238 37.388377 -122.126399 37.388892 -122.126728 37.389198 -122.126314 37.389408 -122.126212 37.389676 -122.126621 37.389598 -122.126824 37.389663 -122.126987 37.389822 -122.126991 37.389922 -122.126874 37.390153 -122.126804 37.390357 -122.126796 37.390400 -122.127041 37.390669 -122.127277 37.390830 -122.127297 37.390983 -122.127316 37.391366 -122.127440 37.391750 -122.127231 37.391839 -122.127304 37.391730 -122.127427 37.391583 -122.127865 37.391785 -122.127908 37.391823 -122.127990 37.391717 -122.128258 37.391777 -122.128357 37.392058 -122.128331 37.392213 -122.128378 37.392346 -122.128402 37.392374 -122.128407 37.392396 -122.128411 37.392403 -122.128170 37.392685 -122.127950 37.392857 -122.127624 37.393494 -122.127404 37.393673 -122.127469 37.393728 -122.127582 37.393720 -122.127759 37.393835 -122.127876 37.393941 -122.127834 37.394044 -122.127710 37.394261 -122.127548 37.394499 -122.127585 37.394592 -122.127839 37.394655 -122.128035 37.394614 -122.128161 37.394517 -122.128270 37.394519 -122.128416 37.394422 -122.128533 37.394504 -122.128652 37.394604 -122.128676 37.394720 -122.128556 37.394720 -122.128540 37.394836 -122.128419 37.395135 -122.128513 37.395183 -122.128867 37.395359 -122.128923 37.395389 -122.129136 37.395155 -122.129453 37.395123 -122.129665 37.395124 -122.129665 37.395272 -122.129645 37.395566 -122.129490 37.395679 -122.129502 37.395840 -122.129581 37.395993 -122.129432 37.396141 -122.129514 37.396286 -122.129152 37.396061 -122.129119 37.395879 -122.128813 37.395915 -122.128584 37.395791 -122.128346 37.395764 -122.128122 37.395950 -122.127999 37.396126 -122.128255 37.396353 -122.128284 37.396447 -122.128512 37.396602 -122.128243 37.396597 -122.127973 37.396794 -122.127942 37.396905 -122.127855 37.397140 -122.127788 37.397113 -122.127704 37.396896 -122.127719 37.396822 -122.127639 37.396917 -122.127461 37.397015 -122.127398 37.397148 -122.127067 37.397383 -122.127040 37.397568 -122.126897 37.397884 -122.126483 37.397963 -122.126323 37.398136 -122.126129 37.398232 -122.125900 37.398341 -122.125363 37.398434 -122.125254 37.398688 -122.125404 37.398875 -122.125340 37.398948 -122.125273 37.398956 -122.125005 37.399086 -122.124762 37.399247 -122.124846 37.399736 -122.124870 37.399959 -122.125099 37.400060 -122.125083 37.400396 -122.124889 37.400796 -122.124820 37.400949 -122.124691 37.401002 -122.124819 37.401068 -122.124749 37.401246 -122.124453 37.401508 -122.124345 37.401702 -122.124208 37.402233 -122.123987 37.402510 -122.123569 37.402865 -122.123556 37.403356 -122.123329 37.403298 -122.123147 37.403479 -122.122825 37.403591 -122.122736 37.403865 -122.122864 37.403987 -122.122775 37.404075 -122.122576 37.404251 -122.122455 37.404365 -122.122220 37.404403 -122.122083 37.404484 -122.122018 37.404802 -122.122014 37.404983 -122.121706 37.405211 -122.121523 37.405435 -122.121388 37.405387 -122.121139 37.405523 -122.120964 37.405559 -122.120623 37.405605 -122.120433 37.405940 -122.120033 37.406098 -122.120051 37.406310 -122.120108 37.406548 -122.119968 37.406482 -122.119913 37.406484 -122.119911 37.406442 -122.119875 37.405938 -122.119402 37.405909 -122.119375 37.405908 -122.119375 37.405522 -122.118954 37.404328 -122.117562 37.403540 -122.116660 37.402322 -122.115182 37.401475 -122.113709 37.400991 -122.112886 37.399860 -122.110483 37.398180 -122.106999 37.398032 -122.106644 37.396819 -122.103896 37.395316 -122.100983 37.393210 -122.102541 37.388758 -122.105817 37.388609 -122.105841 37.388288 -122.105967 37.388288 -122.104640 37.388588 -122.104593 37.388510 -122.096216 37.385714 -122.096121 37.385622 -122.096118 37.385525 -122.096115 37.384484 -122.096079 37.384441 -122.095263 37.384440 -122.093095 37.384445 -122.092489 37.384049 -122.092472 37.384065 -122.092133 37.384445 -122.092122 37.384440 -122.091540 37.384429 -122.090795 37.384075 -122.090806 37.384061 -122.090434 37.384400 -122.090281 37.384412 -122.089523 37.384038 -122.089518 37.383704 -122.089881 37.383405 -122.090062 37.383136 -122.090131 37.383132 -122.090131 37.382950 -122.090144 37.382867 -122.090151 37.382581 -122.090124 37.382372 -122.090057 37.382211 -122.089929 37.381899 -122.089539 37.381705 -122.089266 37.381499 -122.088994 37.381315 -122.088918 37.381299 -122.089132 37.381348 -122.093563 37.381365 -122.095833 37.379617 -122.095833 37.379596 -122.093201 37.376733 -122.093193 37.376740 -122.095373 37.376743 -122.095976 37.370973 -122.095967 37.370760 -122.095970 37.370435 -122.095975 37.369490 -122.095990 37.369463 -122.095990 37.369140 -122.096000 37.368656 -122.096007 37.367220 -122.096030 37.366963 -122.095977 37.366879 -122.089224 37.366455 -122.089204 37.366495 -122.086606 37.366472 -122.082297 37.366855 -122.082262 37.366861 -122.080568 37.366213 -122.080581 37.366237 -122.077862 37.365612 -122.077852 37.365045 -122.077844 37.364754 -122.077839 37.364085 -122.077829 37.361378 -122.077832 37.359041 -122.077852 37.359060 -122.070497 37.357961 -122.070530 37.357973 -122.068747 37.357373 -122.068676 37.356913 -122.068664 37.356760 -122.068660 37.356765 -122.068180 37.356770 -122.067810 37.356760 -122.066770 37.356760 -122.066741 37.356755 -122.065695 37.357811 -122.065687 37.359565 -122.065709 37.359543 -122.063257 37.356430 -122.062857 37.354505 -122.062109 37.354135 -122.061649 37.354068 -122.061557 37.353622 -122.062166 37.353508 -122.062333 37.353437 -122.062505 37.353244 -122.063007 37.353173 -122.063124 37.353085 -122.063228 37.352865 -122.063441 37.352602 -122.063493 37.352453 -122.063524 37.352332 -122.063517 37.352250 -122.063496 37.352168 -122.063448 37.352120 -122.063407 37.352096 -122.063386 37.352086 -122.063379 37.352061 -122.063363 37.351989 -122.063314 37.351773 -122.063167 37.351772 -122.063166 37.351695 -122.063131 37.351607 -122.063131 37.351519 -122.063186 37.351498 -122.063201 37.351140 -122.063475 37.350970 -122.063579 37.350786 -122.063694 37.350344 -122.063967 37.350316 -122.063985 37.349635 -122.064336 37.349365 -122.064308 37.349239 -122.064315 37.349140 -122.064377 37.349052 -122.064460 37.348997 -122.064563 37.348992 -122.064568 37.348904 -122.064673 37.348788 -122.064776 37.348657 -122.064831 37.348575 -122.064854 37.348558 -122.064859 37.348398 -122.064891 37.348217 -122.064928 37.348041 -122.065017 37.347975 -122.065079 37.347922 -122.065120 37.347854 -122.065176 37.347772 -122.065217 37.347657 -122.065175 37.347558 -122.065059 37.347492 -122.064893 37.347373 -122.064570 37.347371 -122.064563 37.347299 -122.064398 37.346964 -122.063820 37.346821 -122.063751 37.346030 -122.064067 37.345942 -122.064136 37.345530 -122.064136 37.345184 -122.064136 37.345030 -122.064178 37.344854 -122.064233 37.344765 -122.064292 37.344761 -122.064295 37.344640 -122.064491 37.344360 -122.064948 37.344207 -122.065025 37.343998 -122.065133 37.343882 -122.065155 37.343723 -122.065203 37.343283 -122.065265 37.342656 -122.065038 37.341723 -122.064701 37.341635 -122.064584 37.341459 -122.064336 37.341349 -122.064212 37.341135 -122.064033 37.340283 -122.063661 37.340027 -122.063474 37.339992 -122.063448 37.339860 -122.063262 37.339767 -122.063063 37.339701 -122.062911 37.339635 -122.062808 37.339530 -122.062739 37.339398 -122.062712 37.339389 -122.062713 37.339250 -122.062739 37.338855 -122.062705 37.338668 -122.062602 37.338585 -122.062519 37.338541 -122.062485 37.338475 -122.062416 37.338393 -122.062361 37.338305 -122.062333 37.338212 -122.062313 37.338124 -122.062313 37.338069 -122.062313 37.338005 -122.062316 37.337942 -122.062320 37.337717 -122.062354 37.337654 -122.062368 37.337596 -122.062382 37.337541 -122.062413 37.337510 -122.064970 37.337510 -122.065316 37.337510 -122.065410 37.337492 -122.066777 37.336447 -122.065988 37.336447 -122.064516 37.335629 -122.064613 37.335521 -122.064691 37.335422 -122.064715 37.335313 -122.064646 37.335302 -122.064655 37.335271 -122.064684 37.335261 -122.064694 37.335335 -122.064808 37.335341 -122.064828 37.335389 -122.064991 37.335321 -122.064987 37.335181 -122.064916 37.335125 -122.064863 37.335011 -122.064755 37.334988 -122.064760 37.334920 -122.064777 37.334898 -122.064783 37.334716 -122.064129 37.334610 -122.064558 37.334692 -122.065268 37.334769 -122.065930 37.335635 -122.067132 37.335793 -122.067351 37.335801 -122.067797 37.335796 -122.067865 37.335796 -122.067881 37.335792 -122.067974 37.335791 -122.067997 37.335794 -122.068072 37.335797 -122.068142 37.335682 -122.068147 37.335630 -122.068150 37.335344 -122.068210 37.335300 -122.068220 37.335233 -122.068236 37.335096 -122.068268 37.334686 -122.068366 37.334550 -122.068400 37.334477 -122.068418 37.334430 -122.068430 37.334340 -122.068460 37.334262 -122.068480 37.334190 -122.068500 37.334060 -122.068530 37.333873 -122.068585 37.333876 -122.068432 37.335408 -122.068022 37.335418 -122.067937 37.333663 -122.068344 37.333563 -122.067240 37.333110 -122.067280 37.333085 -122.066959 37.333550 -122.066912 37.333097 -122.063732 37.333069 -122.063737 37.332982 -122.063726 37.332941 -122.063706 37.332904 -122.063679 37.332834 -122.063601 37.332797 -122.063559 37.332757 -122.063513 37.332609 -122.063304 37.332517 -122.063199 37.332382 -122.063079 37.332348 -122.063051 37.332180 -122.062864 37.332033 -122.062702 37.331839 -122.062518 37.331793 -122.062470 37.331708 -122.062371 37.331604 -122.062190 37.331574 -122.062072 37.331564 -122.061842 37.331564 -122.061737 37.331513 -122.061297 37.331460 -122.061216 37.330851 -122.061820 37.330745 -122.061659 37.331151 -122.061116 37.330926 -122.061003 37.330639 -122.061540 37.330474 -122.061445 37.330722 -122.060926 37.330034 -122.060779 37.329362 -122.059640 37.328501 -122.060400 37.328726 -122.062486 37.329292 -122.062679 37.329591 -122.062076 37.329875 -122.062265 37.329855 -122.062357 37.329922 -122.062434 37.329833 -122.062595 37.330466 -122.063538 37.330722 -122.067292 37.331294 -122.067247 37.331416 -122.068428 37.331352 -122.068442 37.331394 -122.068958 37.331823 -122.068873 37.331745 -122.068337 37.331979 -122.068267 37.332030 -122.068803 37.332241 -122.068737 37.332172 -122.068246 37.332372 -122.068179 37.332448 -122.068733 37.332738 -122.068649 37.332662 -122.068106 37.333131 -122.068008 37.333197 -122.068760 37.333115 -122.068783 37.331960 -122.069040 37.331748 -122.069074 37.331410 -122.069130 37.331140 -122.069164 37.330860 -122.069200 37.329898 -122.069254 37.329909 -122.069445 37.329725 -122.069719 37.330048 -122.070263 37.330431 -122.070906 37.330491 -122.071006 37.330520 -122.071055 37.332123 -122.073749 37.332133 -122.073776 37.332055 -122.073933 37.332013 -122.074106 37.332005 -122.074253 37.332012 -122.074413 37.332049 -122.074637 37.332251 -122.074927 37.332587 -122.074615 37.334677 -122.077529 37.334442 -122.078000 37.335230 -122.079312 37.335506 -122.079292 37.336635 -122.081095 37.337440 -122.082380 37.338177 -122.083395 37.339028 -122.084567 37.340186 -122.086576 37.340693 -122.087454 37.340900 -122.087580 37.340912 -122.087598 37.340940 -122.087640 37.340946 -122.087656 37.340954 -122.087677 37.340753 -122.087804 37.340648 -122.087872 37.340396 -122.088008 37.340158 -122.088170 37.340147 -122.088177 37.339951 -122.088311 37.340092 -122.088576 37.340360 -122.089080 37.340500 -122.089382 37.340625 -122.089655 37.340627 -122.089656 37.340811 -122.090053 37.341270 -122.091040 37.341380 -122.091239 37.341580 -122.091600 37.341595 -122.091622");>;);out;'}"
2020-01-16 21:17:13,857 INFO osmnx Downloaded 3,451.7KB from overpass-api.de in 17.21 seconds
2020-01-16 21:17:14,033 INFO osmnx Saved response to cache file "cache/711b9a383edc0e12519b1f8e8681b210.json"
2020-01-16 21:17:14,034 INFO osmnx Got all network data within polygon from API in 1 request(s) and 17.78 seconds
2020-01-16 21:17:14,034 INFO osmnx Creating networkx graph from downloaded OSM data...
2020-01-16 21:17:15,094 INFO osmnx Created graph with 22,351 nodes and 43,637 edges in 1.06 seconds
2020-01-16 21:17:16,103 INFO osmnx Added edge lengths to graph in 0.97 seconds
2020-01-16 21:17:17,288 INFO osmnx Identifying all nodes that lie outside the polygon...
2020-01-16 21:17:20,364 INFO osmnx Created r-tree spatial index for 22,351 points in 2.35 seconds
2020-01-16 21:17:25,556 INFO osmnx Identified 20,949 nodes inside polygon in 5.19 seconds
2020-01-16 21:17:25,570 INFO osmnx Removed 1,402 nodes outside polygon in 0.01 seconds
2020-01-16 21:17:25,649 INFO osmnx Removed 8 isolated nodes
2020-01-16 21:17:26,600 INFO osmnx Graph was not connected, retained only the largest weakly connected component (20,204 of 20,941 total nodes) in 0.95 seconds
2020-01-16 21:17:26,712 INFO osmnx Begin topologically simplifying the graph...
2020-01-16 21:17:27,706 INFO osmnx Identified 4,736 edge endpoints in 0.39 seconds
2020-01-16 21:17:27,764 INFO osmnx Constructed all paths to simplify in 0.06 seconds
2020-01-16 21:17:30,443 INFO osmnx Simplified graph (from 20,204 to 4,736 nodes and from 39,597 to 10,984 edges) in 2.68 seconds
2020-01-16 21:17:30,501 INFO osmnx graph_from_polygon() returning graph with 4,736 nodes and 10,984 edges
2020-01-16 21:17:30,534 INFO osmnx graph_from_place() returning graph with 4,736 nodes and 10,984 edges
2020-01-16 21:17:30,984 INFO osmnx Created a GeoDataFrame from graph in 0.32 seconds
2020-01-16 21:17:31,350 INFO osmnx Projected the GeoDataFrame "unnamed_nodes" to UTM-10 in 0.37 seconds
2020-01-16 21:17:41,645 INFO osmnx Projected the GeoDataFrame "unnamed_edges" to UTM-10 in 10.26 seconds
2020-01-16 21:17:41,818 INFO osmnx Extracted projected node geometries from GeoDataFrame in 0.17 seconds
2020-01-16 21:18:04,554 INFO osmnx Rebuilt projected graph in 22.73 seconds
2020-01-16 21:18:04,591 INFO osmnx Begin plotting the graph...
2020-01-16 21:18:05,109 INFO osmnx Created GeoDataFrame "unnamed_UTM_edges" from graph in 0.51 seconds
2020-01-16 21:18:06,578 INFO osmnx Drew the graph edges in 0.75 seconds
2020-01-16 21:18:07,497 INFO osmnx Showed the plot in 0.53 seconds
2020-01-16 21:18:08,845 INFO osmnx Created GeoDataFrame "unnamed_edges" from graph in 0.20 seconds
2020-01-16 21:18:14,939 INFO osmnx Made undirected graph in 7.29 seconds
2020-01-16 21:18:19,186 INFO osmnx Saved graph "unnamed" to disk as shapefiles at "data/false" in 11.66 seconds
2020-01-16 21:18:19,386 INFO osmnx Projected the GeoDataFrame "geometry to project" to UTM-10 in 0.01 seconds
2020-01-16 21:18:19,401 INFO osmnx Projected the GeoDataFrame "geometry to project" to default_crs in 0.01 seconds
2020-01-16 21:18:19,417 INFO osmnx Projected the GeoDataFrame "geometry to project" to UTM-10 in 0.01 seconds
2020-01-16 21:18:19,432 INFO osmnx Projected the GeoDataFrame "geometry to project" to default_crs in 0.01 seconds
2020-01-16 21:18:19,433 INFO osmnx Requesting network data within polygon from API in 1 request(s)
2020-01-16 21:18:19,904 INFO osmnx Pausing 0.00 seconds before making API POST request
2020-01-16 21:18:19,904 INFO osmnx Posting to http://overpass-api.de/api/interpreter with timeout=180, "{'data': '[out:json][timeout:180];(way["highway"]["area"!~"yes"]["highway"!~"cycleway|footway|path|pedestrian|steps|track|corridor|elevator|escalator|proposed|construction|bridleway|abandoned|platform|raceway"]["motor_vehicle"!~"no"]["motorcar"!~"no"]["access"!~"private"]["service"!~"parking|parking_aisle|private|emergency_access"](poly:"37.775508 -122.426870 37.775805 -122.426461 37.776069 -122.426018 37.776297 -122.425544 37.776488 -122.425045 37.776639 -122.424524 37.776749 -122.423988 37.776817 -122.423440 37.776842 -122.422887 37.776825 -122.422333 37.776764 -122.421784 37.776662 -122.421245 37.776518 -122.420721 37.776334 -122.420218 37.776113 -122.419739 37.775855 -122.419290 37.775564 -122.418874 37.775242 -122.418497 37.774892 -122.418161 37.774546 -122.417891 37.772882 -122.405925 37.772777 -122.405352 37.772627 -122.404795 37.772431 -122.404261 37.772192 -122.403756 37.771913 -122.403284 37.771597 -122.402851 37.771247 -122.402461 37.770867 -122.402120 37.768623 -122.400316 37.768244 -122.400042 37.767845 -122.399816 37.767430 -122.399640 37.767004 -122.399516 37.766570 -122.399444 37.766133 -122.399425 37.763092 -122.399482 37.762640 -122.399519 37.762193 -122.399613 37.761756 -122.399763 37.761333 -122.399968 37.761026 -122.400139 37.758909 -122.398574 37.758555 -122.398338 37.758185 -122.398142 37.757803 -122.397989 37.757412 -122.397879 37.757014 -122.397813 37.752341 -122.397307 37.751928 -122.397286 37.751515 -122.397313 37.751106 -122.397388 37.750704 -122.397509 37.748227 -122.398410 37.747824 -122.398583 37.747436 -122.398802 37.747066 -122.399067 37.746718 -122.399375 37.746394 -122.399723 37.746098 -122.400107 37.745832 -122.400525 37.745598 -122.400973 37.745399 -122.401446 37.745237 -122.401941 37.744111 -122.405882 37.743977 -122.406438 37.743889 -122.407009 37.743848 -122.407588 37.743341 -122.424309 37.743345 -122.424850 37.743390 -122.425389 37.743476 -122.425920 37.743601 -122.426438 37.743765 -122.426938 37.743966 -122.427417 37.744203 -122.427869 37.744472 -122.428291 37.744773 -122.428679 37.745101 -122.429029 37.745454 -122.429337 37.745829 -122.429602 37.746223 -122.429821 37.746631 -122.429992 37.747050 -122.430112 37.747476 -122.430182 37.756271 -122.431089 37.756476 -122.431105 37.769615 -122.431703 37.770075 -122.431694 37.770532 -122.431627 37.770981 -122.431501 37.771417 -122.431318 37.771836 -122.431080 37.772234 -122.430789 37.772607 -122.430449 37.772949 -122.430063 37.775508 -122.426870");>;);out;'}"
2020-01-16 21:18:24,932 INFO osmnx Downloaded 1,516.4KB from overpass-api.de in 5.03 seconds
2020-01-16 21:18:25,017 INFO osmnx Saved response to cache file "cache/bc0f99df0926d4fd9947a5e281d7277a.json"
2020-01-16 21:18:25,018 INFO osmnx Got all network data within polygon from API in 1 request(s) and 5.58 seconds
2020-01-16 21:18:25,018 INFO osmnx Creating networkx graph from downloaded OSM data...
2020-01-16 21:18:25,356 INFO osmnx Created graph with 6,982 nodes and 12,321 edges in 0.34 seconds
2020-01-16 21:18:25,536 INFO osmnx Added edge lengths to graph in 0.17 seconds
2020-01-16 21:18:25,698 INFO osmnx Identifying all nodes that lie outside the polygon...
2020-01-16 21:18:26,336 INFO osmnx Created r-tree spatial index for 6,982 points in 0.53 seconds
2020-01-16 21:18:26,796 INFO osmnx Identified 6,453 nodes inside polygon in 0.46 seconds
2020-01-16 21:18:26,803 INFO osmnx Removed 529 nodes outside polygon in 0.00 seconds
2020-01-16 21:18:26,839 INFO osmnx Begin topologically simplifying the graph...
2020-01-16 21:18:27,746 INFO osmnx Identified 2,054 edge endpoints in 0.20 seconds
2020-01-16 21:18:27,766 INFO osmnx Constructed all paths to simplify in 0.02 seconds
2020-01-16 21:18:28,596 INFO osmnx Simplified graph (from 6,453 to 2,060 nodes and from 11,409 to 4,824 edges) in 0.83 seconds
2020-01-16 21:18:28,661 INFO osmnx Identifying all nodes that lie outside the polygon...
2020-01-16 21:18:28,854 INFO osmnx Created r-tree spatial index for 2,060 points in 0.15 seconds
2020-01-16 21:18:28,948 INFO osmnx Identified 920 nodes inside polygon in 0.09 seconds
2020-01-16 21:18:28,956 INFO osmnx Removed 1,140 nodes outside polygon in 0.00 seconds
2020-01-16 21:18:28,959 INFO osmnx Removed 3 isolated nodes
2020-01-16 21:18:29,006 INFO osmnx Graph was not connected, retained only the largest weakly connected component (903 of 917 total nodes) in 0.05 seconds
2020-01-16 21:18:29,321 INFO osmnx Got the counts of undirected street segments incident to each node (before removing peripheral edges) in 0.31 seconds
2020-01-16 21:18:29,334 INFO osmnx graph_from_polygon() returning graph with 903 nodes and 2,247 edges
2020-01-16 21:18:29,429 INFO osmnx Created a GeoDataFrame from graph in 0.06 seconds
2020-01-16 21:18:29,507 INFO osmnx Projected the GeoDataFrame "unnamed_nodes" to UTM-10 in 0.08 seconds
2020-01-16 21:18:29,972 INFO osmnx Projected the GeoDataFrame "unnamed_edges" to UTM-10 in 0.46 seconds
2020-01-16 21:18:30,008 INFO osmnx Extracted projected node geometries from GeoDataFrame in 0.04 seconds
2020-01-16 21:18:34,015 INFO osmnx Rebuilt projected graph in 4.01 seconds
2020-01-16 21:18:34,019 INFO osmnx Begin plotting the graph...
2020-01-16 21:18:34,153 INFO osmnx Created GeoDataFrame "unnamed_UTM_edges" from graph in 0.13 seconds
2020-01-16 21:18:34,394 INFO osmnx Drew the graph edges in 0.08 seconds
2020-01-16 21:18:34,533 INFO osmnx Showed the plot in 0.09 seconds
2020-01-16 21:18:34,553 INFO osmnx Pausing 1.00 seconds before making API GET request
2020-01-16 21:18:35,560 INFO osmnx Requesting https://nominatim.openstreetmap.org/search?format=json&limit=1&dedupe=0&polygon_geojson=1&q=Hangzhou%2C+China with timeout=30
2020-01-16 21:18:36,894 INFO osmnx Downloaded 222.4KB from nominatim.openstreetmap.org in 1.33 seconds
2020-01-16 21:18:36,918 INFO osmnx Saved response to cache file "cache/ce3235c74adf73fb1926a6a2e73db64e.json"
2020-01-16 21:18:36,922 INFO osmnx Created GeoDataFrame with 1 row for query "Hangzhou, China"
2020-01-16 21:18:36,970 INFO osmnx Saved the GeoDataFrame "Hangzhou, China" as shapefile "data/china-hangzhou"
2020-01-16 21:18:37,119 INFO osmnx Projected the GeoDataFrame "Hangzhou, China" to UTM-50 in 0.15 seconds
